Timestamp: 2012-11-04 23:23:31.045458 
None
Timestamp: 2012-11-04 23:40:53.688736 
AddNewPatient 

Timestamp: 2012-11-04 23:41:05.586793 
AddNewPatient 

Timestamp: 2012-11-04 23:55:48.117206 
AddNewPatient 

Timestamp: 2012-11-04 23:56:41.968810 
RemovePatient 

Timestamp: 2012-11-04 23:57:45.839495 
AddNewPatient 

Timestamp: 2012-11-04 23:58:51.966595 
RemovePatient 

Timestamp: 2012-11-05 00:08:35.780530 
AddNewPatient 

Timestamp: 2012-11-05 00:11:12.412564 
AddNewPatient 

Timestamp: 2012-11-05 00:15:25.875808 
ModifyPatientName 

Timestamp: 2012-11-05 00:34:37.572548 
ModifyPatientInfo 

Timestamp: 2012-11-05 00:35:02.143866 
ModifyPatientInfo 

Timestamp: 2012-11-05 00:38:25.077471 
ModifyPatientInfo 

Timestamp: 2012-11-05 00:39:15.346390 
ModifyPatientInfo 

Timestamp: 2012-11-05 00:40:32.986963 
AppendPatientInfo 

Timestamp: 2012-11-05 00:41:17.272957 
AppendPatientInfo 

Timestamp: 2012-11-05 00:41:58.601296 
ModifyPatientInfo 

