Timestamp: 2012-11-01 20:30:47.429633 
EMT ( Anthony ) successfully logged in.

Timestamp: 2012-11-01 20:30:47.429744 
EMT ( Antny ) successfully logged in.

Timestamp: 2012-11-01 20:30:47.429802 
Doctor ( Joseph ) successfully logged in.

Timestamp: 2012-11-01 20:30:47.429837 
Admin ( Jeremy ) successfully logged in.

Timestamp: 2012-11-01 20:30:47.429908 
EMT ( Antny ) logged out.

Timestamp: 2012-11-01 23:37:36.203725 
EMT ( Anthony ) successfully logged in.

Timestamp: 2012-11-01 23:37:36.203837 
EMT ( Antny ) successfully logged in.

Timestamp: 2012-11-01 23:37:36.203896 
Doctor ( Joseph ) successfully logged in.

Timestamp: 2012-11-01 23:37:36.203933 
Admin ( Jeremy ) successfully logged in.

Timestamp: 2012-11-01 23:37:36.204011 
EMT ( Antny ) logged out.

Timestamp: 2012-11-02 19:44:43.115178 
EMT ( Anthony ) successfully logged in.

Timestamp: 2012-11-02 19:44:43.115297 
EMT ( Antny ) successfully logged in.

Timestamp: 2012-11-02 19:44:43.115355 
Doctor ( Joseph ) successfully logged in.

Timestamp: 2012-11-02 19:44:43.115390 
Admin ( Jeremy ) successfully logged in.

Timestamp: 2012-11-02 19:44:43.115463 
EMT ( Antny ) logged out.

Timestamp: 2012-11-02 19:45:08.416429 
EMT ( Anthony ) successfully logged in.

Timestamp: 2012-11-02 19:45:08.416546 
EMT ( Antny ) successfully logged in.

Timestamp: 2012-11-02 19:45:08.416604 
Doctor ( Joseph ) successfully logged in.

Timestamp: 2012-11-02 19:45:08.416639 
Admin ( Jeremy ) successfully logged in.

Timestamp: 2012-11-02 19:45:08.416712 
EMT ( Antny ) logged out.

Timestamp: 2012-11-02 19:46:18.692983 
EMT ( Anthony ) successfully logged in.

Timestamp: 2012-11-02 19:46:18.696138 
EMT ( Antny ) successfully logged in.

Timestamp: 2012-11-02 19:46:18.696208 
Doctor ( Joseph ) successfully logged in.

Timestamp: 2012-11-02 19:46:18.696244 
Admin ( Jeremy ) successfully logged in.

Timestamp: 2012-11-02 19:46:18.696316 
EMT ( Antny ) logged out.

Timestamp: 2012-11-02 19:46:33.184270 
EMT ( Anthony ) successfully logged in.

Timestamp: 2012-11-02 19:46:33.184391 
EMT ( Antny ) successfully logged in.

Timestamp: 2012-11-02 19:46:33.184449 
Doctor ( Joseph ) successfully logged in.

Timestamp: 2012-11-02 19:46:33.184484 
Admin ( Jeremy ) successfully logged in.

Timestamp: 2012-11-02 19:46:33.184556 
EMT ( Antny ) logged out.

Timestamp: 2012-11-02 19:46:41.277306 
EMT ( Anthony ) successfully logged in.

Timestamp: 2012-11-02 19:46:41.277425 
EMT ( Antny ) successfully logged in.

Timestamp: 2012-11-02 19:46:41.277483 
Doctor ( Joseph ) successfully logged in.

Timestamp: 2012-11-02 19:46:41.277518 
Admin ( Jeremy ) successfully logged in.

Timestamp: 2012-11-02 19:46:41.277590 
EMT ( Antny ) logged out.

Timestamp: 2012-11-02 20:02:45.735403 
EMT ( Anthony ) successfully logged in.

Timestamp: 2012-11-02 20:02:45.735534 
EMT ( Antny ) successfully logged in.

Timestamp: 2012-11-02 20:02:45.735593 
Doctor ( Joseph ) successfully logged in.

Timestamp: 2012-11-02 20:02:45.735629 
Admin ( Jeremy ) successfully logged in.

Timestamp: 2012-11-02 20:02:45.735702 
EMT ( Antny ) logged out.

Timestamp: 2012-11-02 20:03:09.697138 
EMT ( Anthony ) successfully logged in.

Timestamp: 2012-11-02 20:03:09.697268 
EMT ( Antny ) successfully logged in.

Timestamp: 2012-11-02 20:03:09.697328 
Doctor ( Joseph ) successfully logged in.

Timestamp: 2012-11-02 20:03:09.697366 
Admin ( Jeremy ) successfully logged in.

Timestamp: 2012-11-02 20:03:09.697442 
EMT ( Antny ) logged out.

Timestamp: 2012-11-02 20:03:20.329692 
EMT ( Anthony ) successfully logged in.

Timestamp: 2012-11-02 20:03:20.329816 
EMT ( Antny ) successfully logged in.

Timestamp: 2012-11-02 20:03:20.329877 
Doctor ( Joseph ) successfully logged in.

Timestamp: 2012-11-02 20:03:20.329915 
Admin ( Jeremy ) successfully logged in.

Timestamp: 2012-11-02 20:03:20.329992 
EMT ( Antny ) logged out.

Timestamp: 2012-11-02 20:12:18.895644 
EMT ( Anthony ) successfully logged in.

Timestamp: 2012-11-02 20:12:18.895770 
EMT ( Antny ) successfully logged in.

Timestamp: 2012-11-02 20:12:18.895831 
Doctor ( Joseph ) successfully logged in.

Timestamp: 2012-11-02 20:12:18.895868 
Admin ( Jeremy ) successfully logged in.

Timestamp: 2012-11-02 20:12:18.895945 
EMT ( Antny ) logged out.

